<?xml version="1.0" encoding="UTF-8"?>
<robot generator="Robot 7.4.1 (Python 3.14.0 on win32)" generated="2026-01-13T00:15:53.600499" rpa="false" schemaversion="5">
<suite id="s1" name="Tests" source="C:\Users\Mashr\Downloads\python_api_automation\tests">
<suite id="s1-s1" name="Negative" source="C:\Users\Mashr\Downloads\python_api_automation\tests\negative.robot">
<test id="s1-s1-t1" name="Purchase With Invalid Card" line="6">
<kw name="Create Auth Headers" owner="auth">
<kw name="Evaluate" owner="BuiltIn">
<msg time="2026-01-13T00:15:55.387559" level="INFO">${idempotency} = a29bfbcf-004d-4d51-a7b5-e6524130b956</msg>
<var>${idempotency}</var>
<arg>str(__import__('uuid').uuid4())</arg>
<doc>Evaluates the given expression in Python and returns the result.</doc>
<status status="PASS" start="2026-01-13T00:15:55.385478" elapsed="0.002210"/>
</kw>
<kw name="Create Dictionary" owner="BuiltIn">
<msg time="2026-01-13T00:15:55.390547" level="FAIL">Variable '${PUBLIC_API_KEY}' not found.</msg>
<var>&amp;{headers}</var>
<arg>public-api-key=${PUBLIC_API_KEY}</arg>
<arg>private-secret-key=${PRIVATE_SECRET_KEY}</arg>
<arg>x-idempotency-key=${idempotency}</arg>
<arg>Content-Type=application/json</arg>
<doc>Creates and returns a dictionary based on the given ``items``.</doc>
<status status="FAIL" start="2026-01-13T00:15:55.388165" elapsed="0.002524">Variable '${PUBLIC_API_KEY}' not found.</status>
</kw>
<return>
<value>${headers}</value>
<status status="NOT RUN" start="2026-01-13T00:15:55.390964" elapsed="0.000077"/>
</return>
<var>${headers}</var>
<status status="FAIL" start="2026-01-13T00:15:55.382128" elapsed="0.009196">Variable '${PUBLIC_API_KEY}' not found.</status>
</kw>
<kw name="Create Dictionary" owner="BuiltIn">
<var>&amp;{card}</var>
<arg>number=4242424242424241</arg>
<arg>expiration_month=12</arg>
<arg>expiration_year=30</arg>
<arg>security_code=123</arg>
<doc>Creates and returns a dictionary based on the given ``items``.</doc>
<status status="NOT RUN" start="2026-01-13T00:15:55.392367" elapsed="0.000131"/>
</kw>
<kw name="Create Dictionary" owner="BuiltIn">
<var>&amp;{payment_method}</var>
<arg>type=CARD</arg>
<arg>card=${card}</arg>
<doc>Creates and returns a dictionary based on the given ``items``.</doc>
<status status="NOT RUN" start="2026-01-13T00:15:55.393688" elapsed="0.000160"/>
</kw>
<kw name="Create Dictionary" owner="BuiltIn">
<var>&amp;{payload}</var>
<arg>amount=1000</arg>
<arg>currency=USD</arg>
<arg>workflow=DIRECT</arg>
<arg>payment_method=${payment_method}</arg>
<doc>Creates and returns a dictionary based on the given ``items``.</doc>
<status status="NOT RUN" start="2026-01-13T00:15:55.394901" elapsed="0.000130"/>
</kw>
<kw name="Create Session" owner="RequestsLibrary">
<arg>yuno</arg>
<arg>${BASE_URL}</arg>
<doc>Create Session: create a HTTP session to a server</doc>
<status status="NOT RUN" start="2026-01-13T00:15:55.395883" elapsed="0.000073"/>
</kw>
<kw name="POST On Session" owner="RequestsLibrary">
<var>${response}</var>
<arg>yuno</arg>
<arg>/payments</arg>
<arg>json=${payload}</arg>
<arg>headers=${headers}</arg>
<doc>Sends a POST request on a previously created HTTP Session.</doc>
<status status="NOT RUN" start="2026-01-13T00:15:55.396582" elapsed="0.000050"/>
</kw>
<kw name="Status Should Be" owner="RequestsLibrary">
<arg>400</arg>
<arg>${response}</arg>
<doc>Fails if response status code is different than the expected.</doc>
<status status="NOT RUN" start="2026-01-13T00:15:55.397301" elapsed="0.000057"/>
</kw>
<status status="FAIL" start="2026-01-13T00:15:55.379595" elapsed="0.019065">Variable '${PUBLIC_API_KEY}' not found.</status>
</test>
<status status="FAIL" start="2026-01-13T00:15:53.773358" elapsed="1.628625"/>
</suite>
<suite id="s1-s2" name="Purchase" source="C:\Users\Mashr\Downloads\python_api_automation\tests\purchase.robot">
<test id="s1-s2-t1" name="Successful Purchase With Minimal Fields" line="6">
<kw name="Create Purchase Request" owner="keywords">
<kw name="Create Auth Headers" owner="auth">
<kw name="Evaluate" owner="BuiltIn">
<msg time="2026-01-13T00:15:55.433293" level="INFO">${idempotency} = a6bc8465-a3e9-45ac-96ca-8e26bdd773fe</msg>
<var>${idempotency}</var>
<arg>str(__import__('uuid').uuid4())</arg>
<doc>Evaluates the given expression in Python and returns the result.</doc>
<status status="PASS" start="2026-01-13T00:15:55.431632" elapsed="0.001769"/>
</kw>
<kw name="Create Dictionary" owner="BuiltIn">
<msg time="2026-01-13T00:15:55.436427" level="FAIL">Variable '${PUBLIC_API_KEY}' not found.</msg>
<var>&amp;{headers}</var>
<arg>public-api-key=${PUBLIC_API_KEY}</arg>
<arg>private-secret-key=${PRIVATE_SECRET_KEY}</arg>
<arg>x-idempotency-key=${idempotency}</arg>
<arg>Content-Type=application/json</arg>
<doc>Creates and returns a dictionary based on the given ``items``.</doc>
<status status="FAIL" start="2026-01-13T00:15:55.433895" elapsed="0.002687">Variable '${PUBLIC_API_KEY}' not found.</status>
</kw>
<return>
<value>${headers}</value>
<status status="NOT RUN" start="2026-01-13T00:15:55.436891" elapsed="0.000082"/>
</return>
<var>${headers}</var>
<status status="FAIL" start="2026-01-13T00:15:55.430972" elapsed="0.006277">Variable '${PUBLIC_API_KEY}' not found.</status>
</kw>
<kw name="Create Purchase Payload Minimal" owner="keywords">
<var>${payload}</var>
<status status="NOT RUN" start="2026-01-13T00:15:55.437867" elapsed="0.000079"/>
</kw>
<kw name="Create Session" owner="RequestsLibrary">
<arg>yuno</arg>
<arg>${BASE_URL}</arg>
<doc>Create Session: create a HTTP session to a server</doc>
<status status="NOT RUN" start="2026-01-13T00:15:55.438295" elapsed="0.000060"/>
</kw>
<kw name="POST On Session" owner="RequestsLibrary">
<var>${response}</var>
<arg>yuno</arg>
<arg>/payments</arg>
<arg>json=${payload}</arg>
<arg>headers=${headers}</arg>
<doc>Sends a POST request on a previously created HTTP Session.</doc>
<status status="NOT RUN" start="2026-01-13T00:15:55.438606" elapsed="0.000042"/>
</kw>
<return>
<value>${response}</value>
<status status="NOT RUN" start="2026-01-13T00:15:55.438780" elapsed="0.000041"/>
</return>
<var>${response}</var>
<status status="FAIL" start="2026-01-13T00:15:55.429926" elapsed="0.009193">Variable '${PUBLIC_API_KEY}' not found.</status>
</kw>
<kw name="Status Should Be" owner="RequestsLibrary">
<arg>201</arg>
<arg>${response}</arg>
<doc>Fails if response status code is different than the expected.</doc>
<status status="NOT RUN" start="2026-01-13T00:15:55.439936" elapsed="0.000059"/>
</kw>
<kw name="Dictionary Should Contain Value" owner="Collections">
<arg>${response.json()}</arg>
<arg>SUCCEEDED</arg>
<doc>Fails if ``value`` is not found from ``dictionary``.</doc>
<status status="NOT RUN" start="2026-01-13T00:15:55.440733" elapsed="0.000088"/>
</kw>
<status status="FAIL" start="2026-01-13T00:15:55.427094" elapsed="0.014562">Variable '${PUBLIC_API_KEY}' not found.</status>
</test>
<status status="FAIL" start="2026-01-13T00:15:55.404305" elapsed="0.042406"/>
</suite>
<status status="FAIL" start="2026-01-13T00:15:53.606337" elapsed="1.844190"/>
</suite>
<statistics>
<total>
<stat pass="0" fail="2" skip="0">All Tests</stat>
</total>
<tag>
</tag>
<suite>
<stat name="Tests" id="s1" pass="0" fail="2" skip="0">Tests</stat>
<stat name="Negative" id="s1-s1" pass="0" fail="1" skip="0">Tests.Negative</stat>
<stat name="Purchase" id="s1-s2" pass="0" fail="1" skip="0">Tests.Purchase</stat>
</suite>
</statistics>
<errors>
<msg time="2026-01-13T00:15:53.769042" level="WARN">Imported library 'C:\Users\Mashr\Downloads\python_api_automation\libraries\DotEnv.py' contains no keywords.</msg>
</errors>
</robot>
